h:\编程\bobhwin7driver\bobhwin7driver\x64\debug\vc141.pdb
h:\编程\bobhwin7driver\bobhwin7driver\x64\debug\driver.obj
h:\编程\bobhwin7driver\x64\debug\bobhwin7driver\bobhwin7driver.cat
h:\编程\bobhwin7driver\x64\debug\bobhwin7driver.sys
h:\编程\bobhwin7driver\x64\debug\bobhwin7driver.pdb
h:\编程\bobhwin7driver\bobhwin7driver\x64\debug\bobhwin7driver.inf
h:\编程\bobhwin7driver\x64\debug\bobhwin7driver.cer
h:\编程\bobhwin7driver\x64\debug\bobhwin7driver.inf
h:\编程\bobhwin7driver\bobhwin7driver\x64\debug\bobhwin7driver.tlog\cl.command.1.tlog
h:\编程\bobhwin7driver\bobhwin7driver\x64\debug\bobhwin7driver.tlog\cl.read.1.tlog
h:\编程\bobhwin7driver\bobhwin7driver\x64\debug\bobhwin7driver.tlog\cl.write.1.tlog
h:\编程\bobhwin7driver\bobhwin7driver\x64\debug\bobhwin7driver.tlog\inf2cat-expand.1680.read.1.tlog
h:\编程\bobhwin7driver\bobhwin7driver\x64\debug\bobhwin7driver.tlog\inf2cat-expand.1680.write.1.tlog
h:\编程\bobhwin7driver\bobhwin7driver\x64\debug\bobhwin7driver.tlog\inf2cat-expand.2260.read.1.tlog
h:\编程\bobhwin7driver\bobhwin7driver\x64\debug\bobhwin7driver.tlog\inf2cat-expand.2260.write.1.tlog
h:\编程\bobhwin7driver\bobhwin7driver\x64\debug\bobhwin7driver.tlog\inf2cat-expand.3792.read.1.tlog
h:\编程\bobhwin7driver\bobhwin7driver\x64\debug\bobhwin7driver.tlog\inf2cat-expand.3792.write.1.tlog
h:\编程\bobhwin7driver\bobhwin7driver\x64\debug\bobhwin7driver.tlog\inf2cat-expand.4104.read.1.tlog
h:\编程\bobhwin7driver\bobhwin7driver\x64\debug\bobhwin7driver.tlog\inf2cat-expand.4104.write.1.tlog
h:\编程\bobhwin7driver\bobhwin7driver\x64\debug\bobhwin7driver.tlog\inf2cat-expand.4652.read.1.tlog
h:\编程\bobhwin7driver\bobhwin7driver\x64\debug\bobhwin7driver.tlog\inf2cat-expand.4652.write.1.tlog
h:\编程\bobhwin7driver\bobhwin7driver\x64\debug\bobhwin7driver.tlog\inf2cat-expand.4712.read.1.tlog
h:\编程\bobhwin7driver\bobhwin7driver\x64\debug\bobhwin7driver.tlog\inf2cat-expand.4712.write.1.tlog
h:\编程\bobhwin7driver\bobhwin7driver\x64\debug\bobhwin7driver.tlog\inf2cat-expand.5084.read.1.tlog
h:\编程\bobhwin7driver\bobhwin7driver\x64\debug\bobhwin7driver.tlog\inf2cat-expand.5084.write.1.tlog
h:\编程\bobhwin7driver\bobhwin7driver\x64\debug\bobhwin7driver.tlog\inf2cat-expand.6264.read.1.tlog
h:\编程\bobhwin7driver\bobhwin7driver\x64\debug\bobhwin7driver.tlog\inf2cat-expand.6264.write.1.tlog
h:\编程\bobhwin7driver\bobhwin7driver\x64\debug\bobhwin7driver.tlog\inf2cat-expand.6316.read.1.tlog
h:\编程\bobhwin7driver\bobhwin7driver\x64\debug\bobhwin7driver.tlog\inf2cat-expand.6316.write.1.tlog
h:\编程\bobhwin7driver\bobhwin7driver\x64\debug\bobhwin7driver.tlog\inf2cat-expand.6492.read.1.tlog
h:\编程\bobhwin7driver\bobhwin7driver\x64\debug\bobhwin7driver.tlog\inf2cat-expand.6492.write.1.tlog
h:\编程\bobhwin7driver\bobhwin7driver\x64\debug\bobhwin7driver.tlog\inf2cat-expand.6640.read.1.tlog
h:\编程\bobhwin7driver\bobhwin7driver\x64\debug\bobhwin7driver.tlog\inf2cat-expand.6640.write.1.tlog
h:\编程\bobhwin7driver\bobhwin7driver\x64\debug\bobhwin7driver.tlog\inf2cat-expand.7120.read.1.tlog
h:\编程\bobhwin7driver\bobhwin7driver\x64\debug\bobhwin7driver.tlog\inf2cat-expand.7120.write.1.tlog
h:\编程\bobhwin7driver\bobhwin7driver\x64\debug\bobhwin7driver.tlog\inf2cat-expand.7468.read.1.tlog
h:\编程\bobhwin7driver\bobhwin7driver\x64\debug\bobhwin7driver.tlog\inf2cat-expand.7468.write.1.tlog
h:\编程\bobhwin7driver\bobhwin7driver\x64\debug\bobhwin7driver.tlog\inf2cat-expand.read.1.tlog
h:\编程\bobhwin7driver\bobhwin7driver\x64\debug\bobhwin7driver.tlog\inf2cat-expand.write.1.tlog
h:\编程\bobhwin7driver\bobhwin7driver\x64\debug\bobhwin7driver.tlog\inf2cat.command.1.tlog
h:\编程\bobhwin7driver\bobhwin7driver\x64\debug\bobhwin7driver.tlog\inf2cat.read.1.tlog
h:\编程\bobhwin7driver\bobhwin7driver\x64\debug\bobhwin7driver.tlog\inf2cat.write.1.tlog
h:\编程\bobhwin7driver\bobhwin7driver\x64\debug\bobhwin7driver.tlog\link.command.1.tlog
h:\编程\bobhwin7driver\bobhwin7driver\x64\debug\bobhwin7driver.tlog\link.read.1.tlog
h:\编程\bobhwin7driver\bobhwin7driver\x64\debug\bobhwin7driver.tlog\link.write.1.tlog
h:\编程\bobhwin7driver\bobhwin7driver\x64\debug\bobhwin7driver.tlog\signtool.command.1.tlog
h:\编程\bobhwin7driver\bobhwin7driver\x64\debug\bobhwin7driver.tlog\signtool.read.1.tlog
h:\编程\bobhwin7driver\bobhwin7driver\x64\debug\bobhwin7driver.tlog\signtool.timestamp.1.tlog
h:\编程\bobhwin7driver\bobhwin7driver\x64\debug\bobhwin7driver.tlog\signtool.write.1.tlog
h:\编程\bobhwin7driver\bobhwin7driver\x64\debug\bobhwin7driver.tlog\stampinf.command.1.tlog
h:\编程\bobhwin7driver\bobhwin7driver\x64\debug\bobhwin7driver.tlog\stampinf.read.1.tlog
h:\编程\bobhwin7driver\bobhwin7driver\x64\debug\bobhwin7driver.tlog\stampinf.write.1.tlog
