h:\编程\bobhwin7driver\bobhwin7driver\debug\vc141.pdb
h:\编程\bobhwin7driver\bobhwin7driver\debug\driver.obj
h:\编程\bobhwin7driver\debug\bobhwin7driver\bobhwin7driver.cat
h:\编程\bobhwin7driver\debug\bobhwin7driver.sys
h:\编程\bobhwin7driver\debug\bobhwin7driver.pdb
h:\编程\bobhwin7driver\bobhwin7driver\debug\bobhwin7driver.inf
h:\编程\bobhwin7driver\debug\bobhwin7driver.cer
h:\编程\bobhwin7driver\debug\bobhwin7driver.inf
h:\编程\bobhwin7driver\bobhwin7driver\debug\bobhwin7driver.tlog\cl.command.1.tlog
h:\编程\bobhwin7driver\bobhwin7driver\debug\bobhwin7driver.tlog\cl.read.1.tlog
h:\编程\bobhwin7driver\bobhwin7driver\debug\bobhwin7driver.tlog\cl.write.1.tlog
h:\编程\bobhwin7driver\bobhwin7driver\debug\bobhwin7driver.tlog\inf2cat-expand.1144.read.1.tlog
h:\编程\bobhwin7driver\bobhwin7driver\debug\bobhwin7driver.tlog\inf2cat-expand.1144.write.1.tlog
h:\编程\bobhwin7driver\bobhwin7driver\debug\bobhwin7driver.tlog\inf2cat-expand.1240.read.1.tlog
h:\编程\bobhwin7driver\bobhwin7driver\debug\bobhwin7driver.tlog\inf2cat-expand.1240.write.1.tlog
h:\编程\bobhwin7driver\bobhwin7driver\debug\bobhwin7driver.tlog\inf2cat-expand.1804.read.1.tlog
h:\编程\bobhwin7driver\bobhwin7driver\debug\bobhwin7driver.tlog\inf2cat-expand.1804.write.1.tlog
h:\编程\bobhwin7driver\bobhwin7driver\debug\bobhwin7driver.tlog\inf2cat-expand.2704.read.1.tlog
h:\编程\bobhwin7driver\bobhwin7driver\debug\bobhwin7driver.tlog\inf2cat-expand.2704.write.1.tlog
h:\编程\bobhwin7driver\bobhwin7driver\debug\bobhwin7driver.tlog\inf2cat-expand.3312.read.1.tlog
h:\编程\bobhwin7driver\bobhwin7driver\debug\bobhwin7driver.tlog\inf2cat-expand.3312.write.1.tlog
h:\编程\bobhwin7driver\bobhwin7driver\debug\bobhwin7driver.tlog\inf2cat-expand.3772.read.1.tlog
h:\编程\bobhwin7driver\bobhwin7driver\debug\bobhwin7driver.tlog\inf2cat-expand.3772.write.1.tlog
h:\编程\bobhwin7driver\bobhwin7driver\debug\bobhwin7driver.tlog\inf2cat-expand.4248.read.1.tlog
h:\编程\bobhwin7driver\bobhwin7driver\debug\bobhwin7driver.tlog\inf2cat-expand.4248.write.1.tlog
h:\编程\bobhwin7driver\bobhwin7driver\debug\bobhwin7driver.tlog\inf2cat-expand.4744.read.1.tlog
h:\编程\bobhwin7driver\bobhwin7driver\debug\bobhwin7driver.tlog\inf2cat-expand.4744.write.1.tlog
h:\编程\bobhwin7driver\bobhwin7driver\debug\bobhwin7driver.tlog\inf2cat-expand.4800.read.1.tlog
h:\编程\bobhwin7driver\bobhwin7driver\debug\bobhwin7driver.tlog\inf2cat-expand.4800.write.1.tlog
h:\编程\bobhwin7driver\bobhwin7driver\debug\bobhwin7driver.tlog\inf2cat-expand.4804.read.1.tlog
h:\编程\bobhwin7driver\bobhwin7driver\debug\bobhwin7driver.tlog\inf2cat-expand.4804.write.1.tlog
h:\编程\bobhwin7driver\bobhwin7driver\debug\bobhwin7driver.tlog\inf2cat-expand.4884.read.1.tlog
h:\编程\bobhwin7driver\bobhwin7driver\debug\bobhwin7driver.tlog\inf2cat-expand.4884.write.1.tlog
h:\编程\bobhwin7driver\bobhwin7driver\debug\bobhwin7driver.tlog\inf2cat-expand.4900.read.1.tlog
h:\编程\bobhwin7driver\bobhwin7driver\debug\bobhwin7driver.tlog\inf2cat-expand.4900.write.1.tlog
h:\编程\bobhwin7driver\bobhwin7driver\debug\bobhwin7driver.tlog\inf2cat-expand.5232.read.1.tlog
h:\编程\bobhwin7driver\bobhwin7driver\debug\bobhwin7driver.tlog\inf2cat-expand.5232.write.1.tlog
h:\编程\bobhwin7driver\bobhwin7driver\debug\bobhwin7driver.tlog\inf2cat-expand.5360.read.1.tlog
h:\编程\bobhwin7driver\bobhwin7driver\debug\bobhwin7driver.tlog\inf2cat-expand.5360.write.1.tlog
h:\编程\bobhwin7driver\bobhwin7driver\debug\bobhwin7driver.tlog\inf2cat-expand.5504.read.1.tlog
h:\编程\bobhwin7driver\bobhwin7driver\debug\bobhwin7driver.tlog\inf2cat-expand.5504.write.1.tlog
h:\编程\bobhwin7driver\bobhwin7driver\debug\bobhwin7driver.tlog\inf2cat-expand.6164.read.1.tlog
h:\编程\bobhwin7driver\bobhwin7driver\debug\bobhwin7driver.tlog\inf2cat-expand.6164.write.1.tlog
h:\编程\bobhwin7driver\bobhwin7driver\debug\bobhwin7driver.tlog\inf2cat-expand.6572.read.1.tlog
h:\编程\bobhwin7driver\bobhwin7driver\debug\bobhwin7driver.tlog\inf2cat-expand.6572.write.1.tlog
h:\编程\bobhwin7driver\bobhwin7driver\debug\bobhwin7driver.tlog\inf2cat-expand.6680.read.1.tlog
h:\编程\bobhwin7driver\bobhwin7driver\debug\bobhwin7driver.tlog\inf2cat-expand.6680.write.1.tlog
h:\编程\bobhwin7driver\bobhwin7driver\debug\bobhwin7driver.tlog\inf2cat-expand.6720.read.1.tlog
h:\编程\bobhwin7driver\bobhwin7driver\debug\bobhwin7driver.tlog\inf2cat-expand.6720.write.1.tlog
h:\编程\bobhwin7driver\bobhwin7driver\debug\bobhwin7driver.tlog\inf2cat-expand.6952.read.1.tlog
h:\编程\bobhwin7driver\bobhwin7driver\debug\bobhwin7driver.tlog\inf2cat-expand.6952.write.1.tlog
h:\编程\bobhwin7driver\bobhwin7driver\debug\bobhwin7driver.tlog\inf2cat-expand.7192.read.1.tlog
h:\编程\bobhwin7driver\bobhwin7driver\debug\bobhwin7driver.tlog\inf2cat-expand.7192.write.1.tlog
h:\编程\bobhwin7driver\bobhwin7driver\debug\bobhwin7driver.tlog\inf2cat-expand.7212.read.1.tlog
h:\编程\bobhwin7driver\bobhwin7driver\debug\bobhwin7driver.tlog\inf2cat-expand.7212.write.1.tlog
h:\编程\bobhwin7driver\bobhwin7driver\debug\bobhwin7driver.tlog\inf2cat-expand.7304.read.1.tlog
h:\编程\bobhwin7driver\bobhwin7driver\debug\bobhwin7driver.tlog\inf2cat-expand.7304.write.1.tlog
h:\编程\bobhwin7driver\bobhwin7driver\debug\bobhwin7driver.tlog\inf2cat-expand.7572.read.1.tlog
h:\编程\bobhwin7driver\bobhwin7driver\debug\bobhwin7driver.tlog\inf2cat-expand.7572.write.1.tlog
h:\编程\bobhwin7driver\bobhwin7driver\debug\bobhwin7driver.tlog\inf2cat-expand.7832.read.1.tlog
h:\编程\bobhwin7driver\bobhwin7driver\debug\bobhwin7driver.tlog\inf2cat-expand.7832.write.1.tlog
h:\编程\bobhwin7driver\bobhwin7driver\debug\bobhwin7driver.tlog\inf2cat-expand.8488.read.1.tlog
h:\编程\bobhwin7driver\bobhwin7driver\debug\bobhwin7driver.tlog\inf2cat-expand.8488.write.1.tlog
h:\编程\bobhwin7driver\bobhwin7driver\debug\bobhwin7driver.tlog\inf2cat-expand.8860.read.1.tlog
h:\编程\bobhwin7driver\bobhwin7driver\debug\bobhwin7driver.tlog\inf2cat-expand.8860.write.1.tlog
h:\编程\bobhwin7driver\bobhwin7driver\debug\bobhwin7driver.tlog\inf2cat-expand.read.1.tlog
h:\编程\bobhwin7driver\bobhwin7driver\debug\bobhwin7driver.tlog\inf2cat-expand.write.1.tlog
h:\编程\bobhwin7driver\bobhwin7driver\debug\bobhwin7driver.tlog\inf2cat.command.1.tlog
h:\编程\bobhwin7driver\bobhwin7driver\debug\bobhwin7driver.tlog\inf2cat.read.1.tlog
h:\编程\bobhwin7driver\bobhwin7driver\debug\bobhwin7driver.tlog\inf2cat.write.1.tlog
h:\编程\bobhwin7driver\bobhwin7driver\debug\bobhwin7driver.tlog\link.command.1.tlog
h:\编程\bobhwin7driver\bobhwin7driver\debug\bobhwin7driver.tlog\link.read.1.tlog
h:\编程\bobhwin7driver\bobhwin7driver\debug\bobhwin7driver.tlog\link.write.1.tlog
h:\编程\bobhwin7driver\bobhwin7driver\debug\bobhwin7driver.tlog\signtool.command.1.tlog
h:\编程\bobhwin7driver\bobhwin7driver\debug\bobhwin7driver.tlog\signtool.read.1.tlog
h:\编程\bobhwin7driver\bobhwin7driver\debug\bobhwin7driver.tlog\signtool.timestamp.1.tlog
h:\编程\bobhwin7driver\bobhwin7driver\debug\bobhwin7driver.tlog\signtool.write.1.tlog
h:\编程\bobhwin7driver\bobhwin7driver\debug\bobhwin7driver.tlog\stampinf.command.1.tlog
h:\编程\bobhwin7driver\bobhwin7driver\debug\bobhwin7driver.tlog\stampinf.read.1.tlog
h:\编程\bobhwin7driver\bobhwin7driver\debug\bobhwin7driver.tlog\stampinf.write.1.tlog
